{
  "stats": {
    "suites": 2,
    "tests": 1,
    "passes": 1,
    "pending": 0,
    "failures": 0,
    "start": "2025-09-25T01:53:21.487Z",
    "end": "2025-09-25T01:53:21.527Z",
    "duration": 40,
    "testsRegistered": 1,
    "passPercent": 100,
    "pendingPercent": 0,
    "other": 0,
    "hasOther": false,
    "skipped": 0,
    "hasSkipped": false
  },
  "results": [
    {
      "uuid": "a24f85db-d45a-4c9c-9f3c-67233a91523a",
      "title": "",
      "fullFile": "C:\\Users\\ana.nascimento\\Projetos\\mentoriaJL\\banco-api-testes\\test\\login.test.js",
      "file": "\\test\\login.test.js",
      "beforeHooks": [],
      "afterHooks": [],
      "tests": [],
      "suites": [
        {
          "uuid": "bed134aa-ee25-44c1-b73b-69144319ed6d",
          "title": "Login",
          "fullFile": "C:\\Users\\ana.nascimento\\Projetos\\mentoriaJL\\banco-api-testes\\test\\login.test.js",
          "file": "\\test\\login.test.js",
          "beforeHooks": [],
          "afterHooks": [],
          "tests": [],
          "suites": [
            {
              "uuid": "22ae13a9-4dbe-4362-b5b8-6acfcbb01422",
              "title": "POST/login",
              "fullFile": "C:\\Users\\ana.nascimento\\Projetos\\mentoriaJL\\banco-api-testes\\test\\login.test.js",
              "file": "\\test\\login.test.js",
              "beforeHooks": [],
              "afterHooks": [],
              "tests": [
                {
                  "title": "Deve retornar 200 com um token em string com uso de credenciais válidas",
                  "fullTitle": "Login POST/login Deve retornar 200 com um token em string com uso de credenciais válidas",
                  "timedOut": false,
                  "duration": 36,
                  "state": "passed",
                  "speed": "fast",
                  "pass": true,
                  "fail": false,
                  "pending": false,
                  "context": null,
                  "code": "const resposta = await request('http://localhost:3000')\n                .post('/login')\n                .set('Content-Type', 'application/json')\n                .send({\n                        'username': 'julio.lima',\n                        'senha': '123456'\n                    })\n            console.log(resposta.body)\n            expect(resposta.status).to.equal(200)\n            expect(resposta.body.token).to.be.a('string')",
                  "err": {},
                  "uuid": "e27b012b-9d16-4d32-bb86-4635ff072887",
                  "parentUUID": "22ae13a9-4dbe-4362-b5b8-6acfcbb01422",
                  "isHook": false,
                  "skipped": false
                }
              ],
              "suites": [],
              "passes": [
                "e27b012b-9d16-4d32-bb86-4635ff072887"
              ],
              "failures": [],
              "pending": [],
              "skipped": [],
              "duration": 36,
              "root": false,
              "rootEmpty": false,
              "_timeout": 200000
            }
          ],
          "passes": [],
          "failures": [],
          "pending": [],
          "skipped": [],
          "duration": 0,
          "root": false,
          "rootEmpty": false,
          "_timeout": 200000
        }
      ],
      "passes": [],
      "failures": [],
      "pending": [],
      "skipped": [],
      "duration": 0,
      "root": true,
      "rootEmpty": true,
      "_timeout": 200000
    }
  ],
  "meta": {
    "mocha": {
      "version": "11.7.2"
    },
    "mochawesome": {
      "options": {
        "quiet": false,
        "reportFilename": "mochawesome",
        "saveHtml": true,
        "saveJson": true,
        "consoleReporter": "spec",
        "useInlineDiffs": false,
        "code": true
      },
      "version": "7.1.4"
    },
    "marge": {
      "options": null,
      "version": "6.3.0"
    }
  }
}